# ELBREAD: Elaboration process.
# ELBREAD: Elaboration time 0.0 [s].
acom -O3 -e 100 -work entidades -2002  $dsn/src/MIPS.vhd
# Warning: DAGGEN_0523: The source is compiled without the -dbg switch. Line breakpoints and assertion debug will not be available.
# File: C:/My_Designs/MIPS_final/entidades/src/MIPS.vhd
# Compile Entity "MIPS"
# Compile Architecture "structural" of Entity "MIPS"
# Compile success 0 Errors 0 Warnings  Analysis time :  62.0 [ms]
acom -O3 -e 100 -work entidades -2002  $dsn/src/MIPS.vhd
# Warning: DAGGEN_0523: The source is compiled without the -dbg switch. Line breakpoints and assertion debug will not be available.
# File: C:/My_Designs/MIPS_final/entidades/src/MIPS.vhd
# Compile Entity "MIPS"
# Error: COMP96_0018: MIPS.vhd : (17, 1): Identifier expected.
# Error: COMP96_0015: MIPS.vhd : (17, 1): ')' expected.
# Error: COMP96_0015: MIPS.vhd : (17, 1): ';' expected.
# Error: COMP96_0019: MIPS.vhd : (17, 5): Keyword 'end' expected.
# Compile Architecture "structural" of Entity "MIPS"
# Error: COMP96_0019: MIPS.vhd : (93, 2): Keyword 'end' expected.
# Error: COMP96_0019: MIPS.vhd : (93, 22): Keyword 'end' expected.
# Error: COMP96_0015: MIPS.vhd : (103, 49): ';' expected.
# Compile failure 7 Errors 0 Warnings  Analysis time :  16.0 [ms]
acom -O3 -e 100 -work entidades -2002  $dsn/src/MIPS.vhd
# Warning: DAGGEN_0523: The source is compiled without the -dbg switch. Line breakpoints and assertion debug will not be available.
# File: C:/My_Designs/MIPS_final/entidades/src/MIPS.vhd
# Compile Entity "MIPS"
# Error: COMP96_0015: MIPS.vhd : (15, 1): ')' expected.
# Error: COMP96_0015: MIPS.vhd : (15, 1): ';' expected.
# Error: COMP96_0019: MIPS.vhd : (15, 5): Keyword 'end' expected.
# Compile Architecture "structural" of Entity "MIPS"
# Error: COMP96_0019: MIPS.vhd : (91, 2): Keyword 'end' expected.
# Error: COMP96_0019: MIPS.vhd : (91, 22): Keyword 'end' expected.
# Error: COMP96_0015: MIPS.vhd : (101, 49): ';' expected.
# Compile failure 6 Errors 0 Warnings  Analysis time :  15.0 [ms]
acom -O3 -e 100 -work entidades -2002  $dsn/src/MIPS.vhd
# Warning: DAGGEN_0523: The source is compiled without the -dbg switch. Line breakpoints and assertion debug will not be available.
# File: C:/My_Designs/MIPS_final/entidades/src/MIPS.vhd
# Compile Entity "MIPS"
# Error: COMP96_0015: MIPS.vhd : (15, 1): ';' expected.
# Error: COMP96_0019: MIPS.vhd : (15, 5): Keyword 'end' expected.
# Compile Architecture "structural" of Entity "MIPS"
# Error: COMP96_0019: MIPS.vhd : (91, 2): Keyword 'end' expected.
# Error: COMP96_0019: MIPS.vhd : (91, 22): Keyword 'end' expected.
# Error: COMP96_0015: MIPS.vhd : (101, 49): ';' expected.
# Compile failure 5 Errors 0 Warnings  Analysis time :  31.0 [ms]
acom -O3 -e 100 -work entidades -2002  $dsn/src/MIPS.vhd
# Warning: DAGGEN_0523: The source is compiled without the -dbg switch. Line breakpoints and assertion debug will not be available.
# File: C:/My_Designs/MIPS_final/entidades/src/MIPS.vhd
# Compile Entity "MIPS"
# Compile Architecture "structural" of Entity "MIPS"
# Error: COMP96_0019: MIPS.vhd : (91, 2): Keyword 'end' expected.
# Error: COMP96_0019: MIPS.vhd : (91, 22): Keyword 'end' expected.
# Error: COMP96_0015: MIPS.vhd : (101, 49): ';' expected.
# Compile failure 3 Errors 0 Warnings  Analysis time :  16.0 [ms]
acom -O3 -e 100 -work entidades -2002  $dsn/src/MIPS.vhd
# Warning: DAGGEN_0523: The source is compiled without the -dbg switch. Line breakpoints and assertion debug will not be available.
# File: C:/My_Designs/MIPS_final/entidades/src/MIPS.vhd
# Compile Entity "MIPS"
# Compile Architecture "structural" of Entity "MIPS"
# Error: COMP96_0015: MIPS.vhd : (101, 49): ';' expected.
# Compile failure 1 Errors 0 Warnings  Analysis time :  16.0 [ms]
acom -O3 -e 100 -work entidades -2002  $dsn/src/MIPS.vhd
# Warning: DAGGEN_0523: The source is compiled without the -dbg switch. Line breakpoints and assertion debug will not be available.
# File: C:/My_Designs/MIPS_final/entidades/src/MIPS.vhd
# Compile Entity "MIPS"
# Compile Architecture "structural" of Entity "MIPS"
# Error: COMP96_0078: MIPS.vhd : (138, 31): Unknown identifier "Address".
# Error: COMP96_0078: MIPS.vhd : (138, 129): Unknown identifier "ReadData".
# Compile failure 2 Errors 0 Warnings  Analysis time :  0.0 [ms]
acom -O3 -e 100 -work entidades -2002  $dsn/src/MUX3.vhd
# Warning: DAGGEN_0523: The source is compiled without the -dbg switch. Line breakpoints and assertion debug will not be available.
# File: C:/My_Designs/MIPS_final/entidades/src/MUX3.vhd
# Compile Entity "MUX3"
# Compile Architecture "Behavioral" of Entity "MUX3"
# Compile success 0 Errors 0 Warnings  Analysis time :  47.0 [ms]
acom -O3 -e 100 -work entidades -2002  $dsn/src/MIPS.vhd
# Warning: DAGGEN_0523: The source is compiled without the -dbg switch. Line breakpoints and assertion debug will not be available.
# File: C:/My_Designs/MIPS_final/entidades/src/MIPS.vhd
# Compile Entity "MIPS"
# Compile Architecture "structural" of Entity "MIPS"
# Compile success 0 Errors 0 Warnings  Analysis time :  46.0 [ms]
acom -O3 -e 100 -work entidades -2002  $dsn/src/PC_SECTION1.vhd
# Warning: DAGGEN_0523: The source is compiled without the -dbg switch. Line breakpoints and assertion debug will not be available.
# File: C:/My_Designs/MIPS_final/entidades/src/PC_SECTION1.vhd
# Compile Entity "PC_SECTION1"
# Compile Architecture "Behavioral" of Entity "PC_SECTION1"
# Compile success 0 Errors 0 Warnings  Analysis time :  47.0 [ms]
acom -O3 -e 100 -work entidades -2002  $dsn/src/MIPS.vhd
# Warning: DAGGEN_0523: The source is compiled without the -dbg switch. Line breakpoints and assertion debug will not be available.
# File: C:/My_Designs/MIPS_final/entidades/src/MIPS.vhd
# Compile Entity "MIPS"
# Compile Architecture "structural" of Entity "MIPS"
# Compile success 0 Errors 0 Warnings  Analysis time :  47.0 [ms]
acom -O3 -e 100 -work entidades -2002  $dsn/src/PC_SECTION1.vhd
# Warning: DAGGEN_0523: The source is compiled without the -dbg switch. Line breakpoints and assertion debug will not be available.
# File: C:/My_Designs/MIPS_final/entidades/src/PC_SECTION1.vhd
# Compile Entity "PC_SECTION1"
# Compile Architecture "Behavioral" of Entity "PC_SECTION1"
# Compile success 0 Errors 0 Warnings  Analysis time :  47.0 [ms]
acom -O3 -e 100 -work entidades -2002  $dsn/src/ALU_control.vhd
# Warning: DAGGEN_0523: The source is compiled without the -dbg switch. Line breakpoints and assertion debug will not be available.
# File: C:/My_Designs/MIPS_final/entidades/src/ALU_control.vhd
# Compile Entity "ALU_control"
# Compile Architecture "Behavioral" of Entity "ALU_control"
# Compile success 0 Errors 0 Warnings  Analysis time :  32.0 [ms]
acom -O3 -e 100 -work entidades -2002  $dsn/src/MIPS.vhd
# Warning: DAGGEN_0523: The source is compiled without the -dbg switch. Line breakpoints and assertion debug will not be available.
# File: C:/My_Designs/MIPS_final/entidades/src/MIPS.vhd
# Compile Entity "MIPS"
# Compile Architecture "structural" of Entity "MIPS"
# Compile success 0 Errors 0 Warnings  Analysis time :  47.0 [ms]
acom -O3 -e 100 -work entidades -2002  $dsn/src/MIPS.vhd
# Warning: DAGGEN_0523: The source is compiled without the -dbg switch. Line breakpoints and assertion debug will not be available.
# File: C:/My_Designs/MIPS_final/entidades/src/MIPS.vhd
# Compile Entity "MIPS"
# Compile Architecture "structural" of Entity "MIPS"
# Compile success 0 Errors 0 Warnings  Analysis time :  32.0 [ms]
# Waveform file 'untitled.awc' connected to 'C:/My_Designs/MIPS_final/entidades/src/untitled.asdb'.
acom -O3 -e 100 -work entidades -2002  $dsn/src/MIPS.vhd
# Warning: DAGGEN_0523: The source is compiled without the -dbg switch. Line breakpoints and assertion debug will not be available.
# File: C:/My_Designs/MIPS_final/entidades/src/MIPS.vhd
# Compile Entity "MIPS"
# Compile Architecture "structural" of Entity "MIPS"
# Error: COMP96_0078: MIPS.vhd : (169, 63): Unknown identifier "InGeneral".
# Compile failure 1 Errors 0 Warnings  Analysis time :  16.0 [ms]
acom -O3 -e 100 -work entidades -2002  $dsn/src/MIPS.vhd
# Warning: DAGGEN_0523: The source is compiled without the -dbg switch. Line breakpoints and assertion debug will not be available.
# File: C:/My_Designs/MIPS_final/entidades/src/MIPS.vhd
# Compile Entity "MIPS"
# Compile Architecture "structural" of Entity "MIPS"
# Compile success 0 Errors 0 Warnings  Analysis time :  47.0 [ms]
# Waveform file 'untitled.awc' connected to 'C:/My_Designs/MIPS_final/entidades/src/untitled.asdb'.
# Waveform file 'C:/My_Designs/MIPS_final/entidades/src/untitled.awc' connected to 'C:/My_Designs/MIPS_final/entidades/src/untitled.asdb'.
# Waveform file 'untitled.awc' connected to 'C:/My_Designs/MIPS_final/entidades/src/untitled.asdb'.
asim -O5 +access +r +m+ALU ALU ALU1
# ELBREAD: Elaboration process.
# ELBREAD: Elaboration time 0.0 [s].
# VSIM: Stack memory: 32MB
# VSIM: Retval memory: 32MB
# 
# KERNEL: Main thread initiated.
# KERNEL: Kernel process initialization phase.
# ELAB2: Elaboration final pass...
# ELAB2: Create instances ...
# KERNEL: Time resolution set to 1ps.
# ELAB2: Create instances complete.
# SLP: Started
# SLP: Elaboration phase ...
# SLP: Elaboration phase ... skipped, nothing to simulate in SLP mode : 0.0 [s]
# SLP: Finished : 0.0 [s]
# ELAB2: Elaboration final pass complete - time: 0.1 [s].
# KERNEL: Warning: You are using the Active-HDL Student Edition. The performance of simulation is running at a reduced rate.
# KERNEL: Warning: Contact Aldec for available upgrade options - sales@aldec.com.
# KERNEL: Kernel process initialization done.
# Allocation: Simulator allocated 6550 kB (elbread=427 elab2=5984 kernel=138 sdf=0)
# KERNEL: ASDB file was created in location C:\My_Designs\MIPS_final\entidades\src\wave.asdb
# Stimuli: Warning: The stimuli set "StimuliSet18" has been made inactive.
#  02:34 p. m., sábado, 28 de mayo de 2022
#  Simulation has been initialized
# ELBREAD: Elaboration process.
# ELBREAD: Elaboration time 0.0 [s].
# Error: Accelerated Waveform: Simulation database is not connected. Initialize simulation or load simulation database by opening waveform file (AWC, ASDB).
# Error: Accelerated Waveform: Simulation database is not connected. Initialize simulation or load simulation database by opening waveform file (AWC, ASDB).
asim -O5 +access +r +m+MIPS MIPS structural
# ELBREAD: Elaboration process.
# ELBREAD: Elaboration time 0.0 [s].
# VSIM: Stack memory: 32MB
# VSIM: Retval memory: 32MB
# 
# KERNEL: Main thread initiated.
# KERNEL: Kernel process initialization phase.
# ELAB2: Elaboration final pass...
# ELAB2: Create instances ...
# KERNEL: Time resolution set to 1ps.
# ELAB2: Create instances complete.
# SLP: Started
# SLP: Elaboration phase ...
# SLP: Elaboration phase ... skipped, nothing to simulate in SLP mode : 0.0 [s]
# SLP: Finished : 0.0 [s]
# ELAB2: Elaboration final pass complete - time: 0.0 [s].
# KERNEL: Warning: You are using the Active-HDL Student Edition. The performance of simulation is running at a reduced rate.
# KERNEL: Warning: Contact Aldec for available upgrade options - sales@aldec.com.
# KERNEL: Kernel process initialization done.
# Allocation: Simulator allocated 6595 kB (elbread=427 elab2=6027 kernel=141 sdf=0)
# KERNEL: ASDB file was created in location C:\My_Designs\MIPS_final\entidades\src\wave.asdb
#  02:35 p. m., sábado, 28 de mayo de 2022
#  Simulation has been initialized
# VSIM: 1 object(s) traced.
# Waveform file 'untitled.awc' connected to 'C:/My_Designs/MIPS_final/entidades/src/wave.asdb'.
# KERNEL: Error: Cannot find signal /ALU/a
# VSIM: Error: Cannot force signal "/ALU/a" with formula "1".
# KERNEL: Error: Cannot find signal /ALU/b
# VSIM: Error: Cannot force signal "/ALU/b" with formula "1".
# KERNEL: Error: Cannot find signal /ALU/operacion
# VSIM: Error: Cannot force signal "/ALU/operacion" with formula "0110".
# Stimuli: Info: The stimuli set "StimuliSet18" has been made active.
endsim
# VSIM: Simulation has finished.
acom -O3 -e 100 -work entidades -2002  $dsn/src/instructionmemory.vhd
# Warning: DAGGEN_0523: The source is compiled without the -dbg switch. Line breakpoints and assertion debug will not be available.
# File: C:/My_Designs/MIPS_final/entidades/src/instructionmemory.vhd
# Compile Entity "InstructionMemory"
# Compile Architecture "Behavioral" of Entity "InstructionMemory"
# Error: COMP96_0127: instructionmemory.vhd : (43, 30): Improper aggregate length. Expected length is 64.
# Compile failure 1 Errors 0 Warnings  Analysis time :  16.0 [ms]
acom -O3 -e 100 -work entidades -2002  $dsn/src/instructionmemory.vhd
# Warning: DAGGEN_0523: The source is compiled without the -dbg switch. Line breakpoints and assertion debug will not be available.
# File: C:/My_Designs/MIPS_final/entidades/src/instructionmemory.vhd
# Compile Entity "InstructionMemory"
# Compile Architecture "Behavioral" of Entity "InstructionMemory"
# Error: COMP96_0127: instructionmemory.vhd : (43, 30): Improper aggregate length. Expected length is 64.
# Compile failure 1 Errors 0 Warnings  Analysis time :  16.0 [ms]
acom -O3 -e 100 -work entidades -2002  $dsn/src/instructionmemory.vhd
# Warning: DAGGEN_0523: The source is compiled without the -dbg switch. Line breakpoints and assertion debug will not be available.
# File: C:/My_Designs/MIPS_final/entidades/src/instructionmemory.vhd
# Compile Entity "InstructionMemory"
# Compile Architecture "Behavioral" of Entity "InstructionMemory"
# Error: COMP96_0127: instructionmemory.vhd : (43, 30): Improper aggregate length. Expected length is 51.
# Compile failure 1 Errors 0 Warnings  Analysis time :  15.0 [ms]
acom -O3 -e 100 -work entidades -2002  $dsn/src/instructionmemory.vhd
# Warning: DAGGEN_0523: The source is compiled without the -dbg switch. Line breakpoints and assertion debug will not be available.
# File: C:/My_Designs/MIPS_final/entidades/src/instructionmemory.vhd
# Compile Entity "InstructionMemory"
# Compile Architecture "Behavioral" of Entity "InstructionMemory"
# Compile success 0 Errors 0 Warnings  Analysis time :  47.0 [ms]
asim -O5 +access +r +m+MIPS MIPS structural
# ELBREAD: Elaboration process.
# ELBREAD: Elaboration time 0.0 [s].
# VSIM: Stack memory: 32MB
# VSIM: Retval memory: 32MB
# 
# KERNEL: Main thread initiated.
# KERNEL: Kernel process initialization phase.
# ELAB2: Elaboration final pass...
# ELAB2: Create instances ...
# KERNEL: Time resolution set to 1ps.
# ELAB2: Create instances complete.
# SLP: Started
# SLP: Elaboration phase ...
# SLP: Elaboration phase ... skipped, nothing to simulate in SLP mode : 0.0 [s]
# SLP: Finished : 0.0 [s]
# ELAB2: Elaboration final pass complete - time: 0.0 [s].
# KERNEL: Warning: You are using the Active-HDL Student Edition. The performance of simulation is running at a reduced rate.
# KERNEL: Warning: Contact Aldec for available upgrade options - sales@aldec.com.
# KERNEL: Kernel process initialization done.
# Allocation: Simulator allocated 6594 kB (elbread=427 elab2=6026 kernel=141 sdf=0)
# KERNEL: ASDB file was created in location C:\My_Designs\MIPS_final\entidades\src\wave.asdb
# Stimuli: Warning: The stimuli set "StimuliSet18" has been made inactive.
#  02:42 p. m., sábado, 28 de mayo de 2022
#  Simulation has been initialized
# Waveform file 'untitled.awc' connected to 'C:/My_Designs/MIPS_final/entidades/src/wave.asdb'.
run
# KERNEL: WARNING: CONV_INTEGER: There is an 'U'|'X'|'W'|'Z'|'-' in an arithmetic operand, and it has been converted to 0.
# KERNEL: Time: 0 ps,  Iteration: 0,  Instance: /MIPS/instruction_memory,  Process: line__96.
# KERNEL: WARNING: CONV_INTEGER: There is an 'U'|'X'|'W'|'Z'|'-' in an arithmetic operand, and it has been converted to 0.
# KERNEL: Time: 0 ps,  Iteration: 0,  Instance: /MIPS/instruction_memory,  Process: line__96.
# KERNEL: WARNING: There is an 'U'|'X'|'W'|'Z'|'-' in an arithmetic operand, the result will be 'X'(es).
# KERNEL: Time: 0 ps,  Iteration: 0,  Instance: /MIPS/nube_pc,  Process: line__27.
# KERNEL: WARNING: There is an 'U'|'X'|'W'|'Z'|'-' in an arithmetic operand, the result will be 'X'(es).
# KERNEL: Time: 0 ps,  Iteration: 0,  Instance: /MIPS/nube_pc,  Process: line__27.
# KERNEL: WARNING: CONV_INTEGER: There is an 'U'|'X'|'W'|'Z'|'-' in an arithmetic operand, and it has been converted to 0.
# KERNEL: Time: 0 ps,  Iteration: 1,  Instance: /MIPS/instruction_memory,  Process: line__96.
# KERNEL: WARNING: CONV_INTEGER: There is an 'U'|'X'|'W'|'Z'|'-' in an arithmetic operand, and it has been converted to 0.
# KERNEL: Time: 0 ps,  Iteration: 1,  Instance: /MIPS/instruction_memory,  Process: line__96.
# KERNEL: WARNING: There is an 'U'|'X'|'W'|'Z'|'-' in an arithmetic operand, the result will be 'X'(es).
# KERNEL: Time: 0 ps,  Iteration: 1,  Instance: /MIPS/nube_pc,  Process: line__27.
# KERNEL: WARNING: CONV_INTEGER: There is an 'U'|'X'|'W'|'Z'|'-' in an arithmetic operand, and it has been converted to 0.
# KERNEL: Time: 0 ps,  Iteration: 2,  Instance: /MIPS/instruction_memory,  Process: line__96.
# KERNEL: WARNING: CONV_INTEGER: There is an 'U'|'X'|'W'|'Z'|'-' in an arithmetic operand, and it has been converted to 0.
# KERNEL: Time: 0 ps,  Iteration: 2,  Instance: /MIPS/instruction_memory,  Process: line__96.
# KERNEL: WARNING: There is an 'U'|'X'|'W'|'Z'|'-' in an arithmetic operand, the result will be 'X'(es).
# KERNEL: Time: 0 ps,  Iteration: 2,  Instance: /MIPS/nube_pc,  Process: line__27.
# KERNEL: WARNING: There is an 'U'|'X'|'W'|'Z'|'-' in an arithmetic operand, the result will be 'X'(es).
# KERNEL: Time: 0 ps,  Iteration: 3,  Instance: /MIPS/nube_pc,  Process: line__27.
# KERNEL: WARNING: There is an 'U'|'X'|'W'|'Z'|'-' in an arithmetic operand, the result will be 'X'(es).
# KERNEL: Time: 50 ns,  Iteration: 2,  Instance: /MIPS/nube_pc,  Process: line__27.
endsim
# KERNEL: stopped at time: 64964650 ns
# VSIM: Simulation has finished.
asim -O5 +access +r +m+MIPS MIPS structural
# ELBREAD: Elaboration process.
# ELBREAD: Elaboration time 0.0 [s].
# VSIM: Stack memory: 32MB
# VSIM: Retval memory: 32MB
# 
# KERNEL: Main thread initiated.
# KERNEL: Kernel process initialization phase.
# ELAB2: Elaboration final pass...
# ELAB2: Create instances ...
# KERNEL: Time resolution set to 1ps.
# ELAB2: Create instances complete.
# SLP: Started
# SLP: Elaboration phase ...
# SLP: Elaboration phase ... skipped, nothing to simulate in SLP mode : 0.0 [s]
# SLP: Finished : 0.0 [s]
# ELAB2: Elaboration final pass complete - time: 0.0 [s].
# KERNEL: Warning: You are using the Active-HDL Student Edition. The performance of simulation is running at a reduced rate.
# KERNEL: Warning: Contact Aldec for available upgrade options - sales@aldec.com.
# KERNEL: Kernel process initialization done.
# Allocation: Simulator allocated 6594 kB (elbread=427 elab2=6026 kernel=141 sdf=0)
# KERNEL: ASDB file was created in location C:\My_Designs\MIPS_final\entidades\src\wave.asdb
# Stimuli: Warning: The stimuli set "StimuliSet19" has been made inactive.
#  02:43 p. m., sábado, 28 de mayo de 2022
#  Simulation has been initialized
# Waveform file 'untitled.awc' connected to 'C:/My_Designs/MIPS_final/entidades/src/wave.asdb'.
run
# KERNEL: WARNING: CONV_INTEGER: There is an 'U'|'X'|'W'|'Z'|'-' in an arithmetic operand, and it has been converted to 0.
# KERNEL: Time: 0 ps,  Iteration: 0,  Instance: /MIPS/instruction_memory,  Process: line__96.
# KERNEL: WARNING: CONV_INTEGER: There is an 'U'|'X'|'W'|'Z'|'-' in an arithmetic operand, and it has been converted to 0.
# KERNEL: Time: 0 ps,  Iteration: 0,  Instance: /MIPS/instruction_memory,  Process: line__96.
# KERNEL: WARNING: There is an 'U'|'X'|'W'|'Z'|'-' in an arithmetic operand, the result will be 'X'(es).
# KERNEL: Time: 0 ps,  Iteration: 0,  Instance: /MIPS/nube_pc,  Process: line__27.
# KERNEL: WARNING: There is an 'U'|'X'|'W'|'Z'|'-' in an arithmetic operand, the result will be 'X'(es).
# KERNEL: Time: 0 ps,  Iteration: 0,  Instance: /MIPS/nube_pc,  Process: line__27.
# KERNEL: WARNING: CONV_INTEGER: There is an 'U'|'X'|'W'|'Z'|'-' in an arithmetic operand, and it has been converted to 0.
# KERNEL: Time: 0 ps,  Iteration: 1,  Instance: /MIPS/instruction_memory,  Process: line__96.
# KERNEL: WARNING: CONV_INTEGER: There is an 'U'|'X'|'W'|'Z'|'-' in an arithmetic operand, and it has been converted to 0.
# KERNEL: Time: 0 ps,  Iteration: 1,  Instance: /MIPS/instruction_memory,  Process: line__96.
# KERNEL: WARNING: There is an 'U'|'X'|'W'|'Z'|'-' in an arithmetic operand, the result will be 'X'(es).
# KERNEL: Time: 0 ps,  Iteration: 1,  Instance: /MIPS/nube_pc,  Process: line__27.
# KERNEL: WARNING: CONV_INTEGER: There is an 'U'|'X'|'W'|'Z'|'-' in an arithmetic operand, and it has been converted to 0.
# KERNEL: Time: 0 ps,  Iteration: 2,  Instance: /MIPS/instruction_memory,  Process: line__96.
# KERNEL: WARNING: CONV_INTEGER: There is an 'U'|'X'|'W'|'Z'|'-' in an arithmetic operand, and it has been converted to 0.
# KERNEL: Time: 0 ps,  Iteration: 2,  Instance: /MIPS/instruction_memory,  Process: line__96.
# KERNEL: WARNING: There is an 'U'|'X'|'W'|'Z'|'-' in an arithmetic operand, the result will be 'X'(es).
# KERNEL: Time: 0 ps,  Iteration: 2,  Instance: /MIPS/nube_pc,  Process: line__27.
# KERNEL: WARNING: There is an 'U'|'X'|'W'|'Z'|'-' in an arithmetic operand, the result will be 'X'(es).
# KERNEL: Time: 0 ps,  Iteration: 3,  Instance: /MIPS/nube_pc,  Process: line__27.
# KERNEL: Simulation has finished. There are no more test vectors to simulate.
run 100 ns
# KERNEL: stopped at time: 100 ns
# KERNEL: Simulation has finished. There are no more test vectors to simulate.
run 100 ns
# KERNEL: stopped at time: 200 ns
# KERNEL: Simulation has finished. There are no more test vectors to simulate.
run
# KERNEL: Simulation has finished. There are no more test vectors to simulate.
run @1000ns
# KERNEL: stopped at time: 1 us
# KERNEL: Simulation has finished. There are no more test vectors to simulate.
run
# KERNEL: Simulation has finished. There are no more test vectors to simulate.
run
# KERNEL: Simulation has finished. There are no more test vectors to simulate.
endsim
# VSIM: Simulation has finished.
asim -O5 +access +r +m+MIPS MIPS structural
# ELBREAD: Elaboration process.
# ELBREAD: Elaboration time 0.0 [s].
# VSIM: Stack memory: 32MB
# VSIM: Retval memory: 32MB
# 
# KERNEL: Main thread initiated.
# KERNEL: Kernel process initialization phase.
# ELAB2: Elaboration final pass...
# ELAB2: Create instances ...
# KERNEL: Time resolution set to 1ps.
# ELAB2: Create instances complete.
# SLP: Started
# SLP: Elaboration phase ...
# SLP: Elaboration phase ... skipped, nothing to simulate in SLP mode : 0.0 [s]
# SLP: Finished : 0.0 [s]
# ELAB2: Elaboration final pass complete - time: 0.0 [s].
# KERNEL: Warning: You are using the Active-HDL Student Edition. The performance of simulation is running at a reduced rate.
# KERNEL: Warning: Contact Aldec for available upgrade options - sales@aldec.com.
# KERNEL: Kernel process initialization done.
# Allocation: Simulator allocated 6594 kB (elbread=427 elab2=6026 kernel=141 sdf=0)
# KERNEL: ASDB file was created in location C:\My_Designs\MIPS_final\entidades\src\wave.asdb
#  02:44 p. m., sábado, 28 de mayo de 2022
#  Simulation has been initialized
# Waveform file 'untitled.awc' connected to 'C:/My_Designs/MIPS_final/entidades/src/wave.asdb'.
run
# KERNEL: WARNING: CONV_INTEGER: There is an 'U'|'X'|'W'|'Z'|'-' in an arithmetic operand, and it has been converted to 0.
# KERNEL: Time: 0 ps,  Iteration: 0,  Instance: /MIPS/instruction_memory,  Process: line__96.
# KERNEL: WARNING: CONV_INTEGER: There is an 'U'|'X'|'W'|'Z'|'-' in an arithmetic operand, and it has been converted to 0.
# KERNEL: Time: 0 ps,  Iteration: 0,  Instance: /MIPS/instruction_memory,  Process: line__96.
# KERNEL: WARNING: There is an 'U'|'X'|'W'|'Z'|'-' in an arithmetic operand, the result will be 'X'(es).
# KERNEL: Time: 0 ps,  Iteration: 0,  Instance: /MIPS/nube_pc,  Process: line__27.
# KERNEL: WARNING: There is an 'U'|'X'|'W'|'Z'|'-' in an arithmetic operand, the result will be 'X'(es).
# KERNEL: Time: 0 ps,  Iteration: 0,  Instance: /MIPS/nube_pc,  Process: line__27.
# KERNEL: WARNING: CONV_INTEGER: There is an 'U'|'X'|'W'|'Z'|'-' in an arithmetic operand, and it has been converted to 0.
# KERNEL: Time: 0 ps,  Iteration: 1,  Instance: /MIPS/instruction_memory,  Process: line__96.
# KERNEL: WARNING: CONV_INTEGER: There is an 'U'|'X'|'W'|'Z'|'-' in an arithmetic operand, and it has been converted to 0.
# KERNEL: Time: 0 ps,  Iteration: 1,  Instance: /MIPS/instruction_memory,  Process: line__96.
# KERNEL: WARNING: There is an 'U'|'X'|'W'|'Z'|'-' in an arithmetic operand, the result will be 'X'(es).
# KERNEL: Time: 0 ps,  Iteration: 1,  Instance: /MIPS/nube_pc,  Process: line__27.
# KERNEL: WARNING: CONV_INTEGER: There is an 'U'|'X'|'W'|'Z'|'-' in an arithmetic operand, and it has been converted to 0.
# KERNEL: Time: 0 ps,  Iteration: 2,  Instance: /MIPS/instruction_memory,  Process: line__96.
# KERNEL: WARNING: CONV_INTEGER: There is an 'U'|'X'|'W'|'Z'|'-' in an arithmetic operand, and it has been converted to 0.
# KERNEL: Time: 0 ps,  Iteration: 2,  Instance: /MIPS/instruction_memory,  Process: line__96.
# KERNEL: WARNING: There is an 'U'|'X'|'W'|'Z'|'-' in an arithmetic operand, the result will be 'X'(es).
# KERNEL: Time: 0 ps,  Iteration: 2,  Instance: /MIPS/nube_pc,  Process: line__27.
# KERNEL: WARNING: There is an 'U'|'X'|'W'|'Z'|'-' in an arithmetic operand, the result will be 'X'(es).
# KERNEL: Time: 0 ps,  Iteration: 3,  Instance: /MIPS/nube_pc,  Process: line__27.
# KERNEL: WARNING: There is an 'U'|'X'|'W'|'Z'|'-' in an arithmetic operand, the result will be 'X'(es).
# KERNEL: Time: 5 ns,  Iteration: 2,  Instance: /MIPS/nube_pc,  Process: line__27.
endsim
# KERNEL: stopped at time: 2626500 ns
# VSIM: Simulation has finished.
asim -O5 +access +r +m+MIPS MIPS structural
# ELBREAD: Elaboration process.
# ELBREAD: Elaboration time 0.0 [s].
# VSIM: Stack memory: 32MB
# VSIM: Retval memory: 32MB
# 
# KERNEL: Main thread initiated.
# KERNEL: Kernel process initialization phase.
# ELAB2: Elaboration final pass...
# ELAB2: Create instances ...
# KERNEL: Time resolution set to 1ps.
# ELAB2: Create instances complete.
# SLP: Started
# SLP: Elaboration phase ...
# SLP: Elaboration phase ... skipped, nothing to simulate in SLP mode : 0.0 [s]
# SLP: Finished : 0.0 [s]
# ELAB2: Elaboration final pass complete - time: 0.0 [s].
# KERNEL: Warning: You are using the Active-HDL Student Edition. The performance of simulation is running at a reduced rate.
# KERNEL: Warning: Contact Aldec for available upgrade options - sales@aldec.com.
# KERNEL: Kernel process initialization done.
# Allocation: Simulator allocated 6594 kB (elbread=427 elab2=6026 kernel=141 sdf=0)
# KERNEL: ASDB file was created in location C:\My_Designs\MIPS_final\entidades\src\wave.asdb
# Stimuli: Warning: The stimuli set "StimuliSet20" has been made inactive.
#  02:44 p. m., sábado, 28 de mayo de 2022
#  Simulation has been initialized
# Waveform file 'untitled.awc' connected to 'C:/My_Designs/MIPS_final/entidades/src/wave.asdb'.
run 100 ns
# KERNEL: WARNING: CONV_INTEGER: There is an 'U'|'X'|'W'|'Z'|'-' in an arithmetic operand, and it has been converted to 0.
# KERNEL: Time: 0 ps,  Iteration: 0,  Instance: /MIPS/instruction_memory,  Process: line__96.
# KERNEL: WARNING: CONV_INTEGER: There is an 'U'|'X'|'W'|'Z'|'-' in an arithmetic operand, and it has been converted to 0.
# KERNEL: Time: 0 ps,  Iteration: 0,  Instance: /MIPS/instruction_memory,  Process: line__96.
# KERNEL: WARNING: There is an 'U'|'X'|'W'|'Z'|'-' in an arithmetic operand, the result will be 'X'(es).
# KERNEL: Time: 0 ps,  Iteration: 0,  Instance: /MIPS/nube_pc,  Process: line__27.
# KERNEL: WARNING: There is an 'U'|'X'|'W'|'Z'|'-' in an arithmetic operand, the result will be 'X'(es).
# KERNEL: Time: 0 ps,  Iteration: 0,  Instance: /MIPS/nube_pc,  Process: line__27.
# KERNEL: WARNING: CONV_INTEGER: There is an 'U'|'X'|'W'|'Z'|'-' in an arithmetic operand, and it has been converted to 0.
# KERNEL: Time: 0 ps,  Iteration: 1,  Instance: /MIPS/instruction_memory,  Process: line__96.
# KERNEL: WARNING: CONV_INTEGER: There is an 'U'|'X'|'W'|'Z'|'-' in an arithmetic operand, and it has been converted to 0.
# KERNEL: Time: 0 ps,  Iteration: 1,  Instance: /MIPS/instruction_memory,  Process: line__96.
# KERNEL: WARNING: There is an 'U'|'X'|'W'|'Z'|'-' in an arithmetic operand, the result will be 'X'(es).
# KERNEL: Time: 0 ps,  Iteration: 1,  Instance: /MIPS/nube_pc,  Process: line__27.
# KERNEL: WARNING: CONV_INTEGER: There is an 'U'|'X'|'W'|'Z'|'-' in an arithmetic operand, and it has been converted to 0.
# KERNEL: Time: 0 ps,  Iteration: 2,  Instance: /MIPS/instruction_memory,  Process: line__96.
# KERNEL: WARNING: CONV_INTEGER: There is an 'U'|'X'|'W'|'Z'|'-' in an arithmetic operand, and it has been converted to 0.
# KERNEL: Time: 0 ps,  Iteration: 2,  Instance: /MIPS/instruction_memory,  Process: line__96.
# KERNEL: WARNING: There is an 'U'|'X'|'W'|'Z'|'-' in an arithmetic operand, the result will be 'X'(es).
# KERNEL: Time: 0 ps,  Iteration: 2,  Instance: /MIPS/nube_pc,  Process: line__27.
# KERNEL: WARNING: There is an 'U'|'X'|'W'|'Z'|'-' in an arithmetic operand, the result will be 'X'(es).
# KERNEL: Time: 0 ps,  Iteration: 3,  Instance: /MIPS/nube_pc,  Process: line__27.
# KERNEL: WARNING: There is an 'U'|'X'|'W'|'Z'|'-' in an arithmetic operand, the result will be 'X'(es).
# KERNEL: Time: 5 ns,  Iteration: 2,  Instance: /MIPS/nube_pc,  Process: line__27.
# KERNEL: stopped at time: 100 ns
run 100 ns
# KERNEL: stopped at time: 200 ns
run 100 ns
# KERNEL: stopped at time: 300 ns
run 100 ns
# KERNEL: stopped at time: 400 ns
run 100 ns
# KERNEL: stopped at time: 500 ns
endsim
# VSIM: Simulation has finished.
asim -O5 +access +r +m+MIPS MIPS structural
# ELBREAD: Elaboration process.
# ELBREAD: Elaboration time 0.0 [s].
# VSIM: Stack memory: 32MB
# VSIM: Retval memory: 32MB
# 
# KERNEL: Main thread initiated.
# KERNEL: Kernel process initialization phase.
# ELAB2: Elaboration final pass...
# ELAB2: Create instances ...
# KERNEL: Time resolution set to 1ps.
# ELAB2: Create instances complete.
# SLP: Started
# SLP: Elaboration phase ...
# SLP: Elaboration phase ... skipped, nothing to simulate in SLP mode : 0.0 [s]
# SLP: Finished : 0.0 [s]
# ELAB2: Elaboration final pass complete - time: 0.0 [s].
# KERNEL: Warning: You are using the Active-HDL Student Edition. The performance of simulation is running at a reduced rate.
# KERNEL: Warning: Contact Aldec for available upgrade options - sales@aldec.com.
# KERNEL: Kernel process initialization done.
# Allocation: Simulator allocated 6594 kB (elbread=427 elab2=6026 kernel=141 sdf=0)
# KERNEL: ASDB file was created in location C:\My_Designs\MIPS_final\entidades\src\wave.asdb
# Stimuli: Warning: The stimuli set "StimuliSet21" has been made inactive.
#  02:45 p. m., sábado, 28 de mayo de 2022
#  Simulation has been initialized
# Waveform file 'untitled.awc' connected to 'C:/My_Designs/MIPS_final/entidades/src/wave.asdb'.
run 100 ns
# KERNEL: WARNING: CONV_INTEGER: There is an 'U'|'X'|'W'|'Z'|'-' in an arithmetic operand, and it has been converted to 0.
# KERNEL: Time: 0 ps,  Iteration: 0,  Instance: /MIPS/instruction_memory,  Process: line__96.
# KERNEL: WARNING: CONV_INTEGER: There is an 'U'|'X'|'W'|'Z'|'-' in an arithmetic operand, and it has been converted to 0.
# KERNEL: Time: 0 ps,  Iteration: 0,  Instance: /MIPS/instruction_memory,  Process: line__96.
# KERNEL: WARNING: There is an 'U'|'X'|'W'|'Z'|'-' in an arithmetic operand, the result will be 'X'(es).
# KERNEL: Time: 0 ps,  Iteration: 0,  Instance: /MIPS/nube_pc,  Process: line__27.
# KERNEL: WARNING: There is an 'U'|'X'|'W'|'Z'|'-' in an arithmetic operand, the result will be 'X'(es).
# KERNEL: Time: 0 ps,  Iteration: 0,  Instance: /MIPS/nube_pc,  Process: line__27.
# KERNEL: WARNING: CONV_INTEGER: There is an 'U'|'X'|'W'|'Z'|'-' in an arithmetic operand, and it has been converted to 0.
# KERNEL: Time: 0 ps,  Iteration: 1,  Instance: /MIPS/instruction_memory,  Process: line__96.
# KERNEL: WARNING: CONV_INTEGER: There is an 'U'|'X'|'W'|'Z'|'-' in an arithmetic operand, and it has been converted to 0.
# KERNEL: Time: 0 ps,  Iteration: 1,  Instance: /MIPS/instruction_memory,  Process: line__96.
# KERNEL: WARNING: There is an 'U'|'X'|'W'|'Z'|'-' in an arithmetic operand, the result will be 'X'(es).
# KERNEL: Time: 0 ps,  Iteration: 1,  Instance: /MIPS/nube_pc,  Process: line__27.
# KERNEL: WARNING: CONV_INTEGER: There is an 'U'|'X'|'W'|'Z'|'-' in an arithmetic operand, and it has been converted to 0.
# KERNEL: Time: 0 ps,  Iteration: 2,  Instance: /MIPS/instruction_memory,  Process: line__96.
# KERNEL: WARNING: CONV_INTEGER: There is an 'U'|'X'|'W'|'Z'|'-' in an arithmetic operand, and it has been converted to 0.
# KERNEL: Time: 0 ps,  Iteration: 2,  Instance: /MIPS/instruction_memory,  Process: line__96.
# KERNEL: WARNING: There is an 'U'|'X'|'W'|'Z'|'-' in an arithmetic operand, the result will be 'X'(es).
# KERNEL: Time: 0 ps,  Iteration: 2,  Instance: /MIPS/nube_pc,  Process: line__27.
# KERNEL: WARNING: There is an 'U'|'X'|'W'|'Z'|'-' in an arithmetic operand, the result will be 'X'(es).
# KERNEL: Time: 0 ps,  Iteration: 3,  Instance: /MIPS/nube_pc,  Process: line__27.
# KERNEL: stopped at time: 100 ns
# KERNEL: Simulation has finished. There are no more test vectors to simulate.
run @200ns
# KERNEL: stopped at time: 200 ns
# KERNEL: Simulation has finished. There are no more test vectors to simulate.
run
# KERNEL: Simulation has finished. There are no more test vectors to simulate.
endsim
# VSIM: Simulation has finished.
asim -O5 +access +r +m+MIPS MIPS structural
# ELBREAD: Elaboration process.
# ELBREAD: Elaboration time 0.0 [s].
# VSIM: Stack memory: 32MB
# VSIM: Retval memory: 32MB
# 
# KERNEL: Main thread initiated.
# KERNEL: Kernel process initialization phase.
# ELAB2: Elaboration final pass...
# ELAB2: Create instances ...
# KERNEL: Time resolution set to 1ps.
# ELAB2: Create instances complete.
# SLP: Started
# SLP: Elaboration phase ...
# SLP: Elaboration phase ... skipped, nothing to simulate in SLP mode : 0.0 [s]
# SLP: Finished : 0.0 [s]
# ELAB2: Elaboration final pass complete - time: 0.0 [s].
# KERNEL: Warning: You are using the Active-HDL Student Edition. The performance of simulation is running at a reduced rate.
# KERNEL: Warning: Contact Aldec for available upgrade options - sales@aldec.com.
# KERNEL: Kernel process initialization done.
# Allocation: Simulator allocated 6594 kB (elbread=427 elab2=6026 kernel=141 sdf=0)
# KERNEL: ASDB file was created in location C:\My_Designs\MIPS_final\entidades\src\wave.asdb
#  02:45 p. m., sábado, 28 de mayo de 2022
#  Simulation has been initialized
# Waveform file 'untitled.awc' connected to 'C:/My_Designs/MIPS_final/entidades/src/wave.asdb'.
run 1000 ns
# KERNEL: WARNING: CONV_INTEGER: There is an 'U'|'X'|'W'|'Z'|'-' in an arithmetic operand, and it has been converted to 0.
# KERNEL: Time: 0 ps,  Iteration: 0,  Instance: /MIPS/instruction_memory,  Process: line__96.
# KERNEL: WARNING: CONV_INTEGER: There is an 'U'|'X'|'W'|'Z'|'-' in an arithmetic operand, and it has been converted to 0.
# KERNEL: Time: 0 ps,  Iteration: 0,  Instance: /MIPS/instruction_memory,  Process: line__96.
# KERNEL: WARNING: There is an 'U'|'X'|'W'|'Z'|'-' in an arithmetic operand, the result will be 'X'(es).
# KERNEL: Time: 0 ps,  Iteration: 0,  Instance: /MIPS/nube_pc,  Process: line__27.
# KERNEL: WARNING: There is an 'U'|'X'|'W'|'Z'|'-' in an arithmetic operand, the result will be 'X'(es).
# KERNEL: Time: 0 ps,  Iteration: 0,  Instance: /MIPS/nube_pc,  Process: line__27.
# KERNEL: WARNING: CONV_INTEGER: There is an 'U'|'X'|'W'|'Z'|'-' in an arithmetic operand, and it has been converted to 0.
# KERNEL: Time: 0 ps,  Iteration: 1,  Instance: /MIPS/instruction_memory,  Process: line__96.
# KERNEL: WARNING: CONV_INTEGER: There is an 'U'|'X'|'W'|'Z'|'-' in an arithmetic operand, and it has been converted to 0.
# KERNEL: Time: 0 ps,  Iteration: 1,  Instance: /MIPS/instruction_memory,  Process: line__96.
# KERNEL: WARNING: There is an 'U'|'X'|'W'|'Z'|'-' in an arithmetic operand, the result will be 'X'(es).
# KERNEL: Time: 0 ps,  Iteration: 1,  Instance: /MIPS/nube_pc,  Process: line__27.
# KERNEL: WARNING: CONV_INTEGER: There is an 'U'|'X'|'W'|'Z'|'-' in an arithmetic operand, and it has been converted to 0.
# KERNEL: Time: 0 ps,  Iteration: 2,  Instance: /MIPS/instruction_memory,  Process: line__96.
# KERNEL: WARNING: CONV_INTEGER: There is an 'U'|'X'|'W'|'Z'|'-' in an arithmetic operand, and it has been converted to 0.
# KERNEL: Time: 0 ps,  Iteration: 2,  Instance: /MIPS/instruction_memory,  Process: line__96.
# KERNEL: WARNING: There is an 'U'|'X'|'W'|'Z'|'-' in an arithmetic operand, the result will be 'X'(es).
# KERNEL: Time: 0 ps,  Iteration: 2,  Instance: /MIPS/nube_pc,  Process: line__27.
# KERNEL: WARNING: There is an 'U'|'X'|'W'|'Z'|'-' in an arithmetic operand, the result will be 'X'(es).
# KERNEL: Time: 0 ps,  Iteration: 3,  Instance: /MIPS/nube_pc,  Process: line__27.
# KERNEL: WARNING: There is an 'U'|'X'|'W'|'Z'|'-' in an arithmetic operand, the result will be 'X'(es).
# KERNEL: Time: 5 ns,  Iteration: 2,  Instance: /MIPS/nube_pc,  Process: line__27.
# KERNEL: stopped at time: 1 us
run
endsim
# KERNEL: stopped at time: 4382320 ns
# VSIM: Simulation has finished.
# Waveform file 'C:/My_Designs/MIPS_final/entidades/src/pruebas.awc' connected to 'C:/My_Designs/MIPS_final/entidades/src/pruebas.asdb'.
# Adding file C:\My_Designs\MIPS_final\entidades\src\pruebas.asdb ... Done
# Adding file C:\My_Designs\MIPS_final\entidades\src\pruebas.awc ... Done
asim -O5 +access +r +m+MIPS MIPS structural
# ELBREAD: Elaboration process.
# ELBREAD: Elaboration time 0.0 [s].
# VSIM: Stack memory: 32MB
# VSIM: Retval memory: 32MB
# 
# KERNEL: Main thread initiated.
# KERNEL: Kernel process initialization phase.
# ELAB2: Elaboration final pass...
# ELAB2: Create instances ...
# KERNEL: Time resolution set to 1ps.
# ELAB2: Create instances complete.
# SLP: Started
# SLP: Elaboration phase ...
# SLP: Elaboration phase ... skipped, nothing to simulate in SLP mode : 0.0 [s]
# SLP: Finished : 0.0 [s]
# ELAB2: Elaboration final pass complete - time: 0.0 [s].
# KERNEL: Warning: You are using the Active-HDL Student Edition. The performance of simulation is running at a reduced rate.
# KERNEL: Warning: Contact Aldec for available upgrade options - sales@aldec.com.
# KERNEL: Kernel process initialization done.
# Allocation: Simulator allocated 6594 kB (elbread=427 elab2=6026 kernel=141 sdf=0)
# KERNEL: ASDB file was created in location C:\My_Designs\MIPS_final\entidades\src\wave.asdb
# Stimuli: Warning: The stimuli set "StimuliSet22" has been made inactive.
#  02:47 p. m., sábado, 28 de mayo de 2022
#  Simulation has been initialized
# Waveform file 'untitled.awc' connected to 'C:/My_Designs/MIPS_final/entidades/src/wave.asdb'.
run
# KERNEL: WARNING: CONV_INTEGER: There is an 'U'|'X'|'W'|'Z'|'-' in an arithmetic operand, and it has been converted to 0.
# KERNEL: Time: 0 ps,  Iteration: 0,  Instance: /MIPS/instruction_memory,  Process: line__96.
# KERNEL: WARNING: CONV_INTEGER: There is an 'U'|'X'|'W'|'Z'|'-' in an arithmetic operand, and it has been converted to 0.
# KERNEL: Time: 0 ps,  Iteration: 0,  Instance: /MIPS/instruction_memory,  Process: line__96.
# KERNEL: WARNING: There is an 'U'|'X'|'W'|'Z'|'-' in an arithmetic operand, the result will be 'X'(es).
# KERNEL: Time: 0 ps,  Iteration: 0,  Instance: /MIPS/nube_pc,  Process: line__27.
# KERNEL: WARNING: There is an 'U'|'X'|'W'|'Z'|'-' in an arithmetic operand, the result will be 'X'(es).
# KERNEL: Time: 0 ps,  Iteration: 0,  Instance: /MIPS/nube_pc,  Process: line__27.
# KERNEL: WARNING: CONV_INTEGER: There is an 'U'|'X'|'W'|'Z'|'-' in an arithmetic operand, and it has been converted to 0.
# KERNEL: Time: 0 ps,  Iteration: 1,  Instance: /MIPS/instruction_memory,  Process: line__96.
# KERNEL: WARNING: CONV_INTEGER: There is an 'U'|'X'|'W'|'Z'|'-' in an arithmetic operand, and it has been converted to 0.
# KERNEL: Time: 0 ps,  Iteration: 1,  Instance: /MIPS/instruction_memory,  Process: line__96.
# KERNEL: WARNING: There is an 'U'|'X'|'W'|'Z'|'-' in an arithmetic operand, the result will be 'X'(es).
# KERNEL: Time: 0 ps,  Iteration: 1,  Instance: /MIPS/nube_pc,  Process: line__27.
# KERNEL: WARNING: CONV_INTEGER: There is an 'U'|'X'|'W'|'Z'|'-' in an arithmetic operand, and it has been converted to 0.
# KERNEL: Time: 0 ps,  Iteration: 2,  Instance: /MIPS/instruction_memory,  Process: line__96.
# KERNEL: WARNING: CONV_INTEGER: There is an 'U'|'X'|'W'|'Z'|'-' in an arithmetic operand, and it has been converted to 0.
# KERNEL: Time: 0 ps,  Iteration: 2,  Instance: /MIPS/instruction_memory,  Process: line__96.
# KERNEL: WARNING: There is an 'U'|'X'|'W'|'Z'|'-' in an arithmetic operand, the result will be 'X'(es).
# KERNEL: Time: 0 ps,  Iteration: 2,  Instance: /MIPS/nube_pc,  Process: line__27.
# KERNEL: WARNING: There is an 'U'|'X'|'W'|'Z'|'-' in an arithmetic operand, the result will be 'X'(es).
# KERNEL: Time: 0 ps,  Iteration: 3,  Instance: /MIPS/nube_pc,  Process: line__27.
# KERNEL: WARNING: There is an 'U'|'X'|'W'|'Z'|'-' in an arithmetic operand, the result will be 'X'(es).
# KERNEL: Time: 5 ns,  Iteration: 2,  Instance: /MIPS/nube_pc,  Process: line__27.
endsim
# KERNEL: stopped at time: 1500145 ns
# VSIM: Simulation has finished.
asim -O5 +access +r +m+MIPS MIPS structural
# ELBREAD: Elaboration process.
# ELBREAD: Elaboration time 0.0 [s].
# VSIM: Stack memory: 32MB
# VSIM: Retval memory: 32MB
# 
# KERNEL: Main thread initiated.
# KERNEL: Kernel process initialization phase.
# ELAB2: Elaboration final pass...
# ELAB2: Create instances ...
# KERNEL: Time resolution set to 1ps.
# ELAB2: Create instances complete.
# SLP: Started
# SLP: Elaboration phase ...
# SLP: Elaboration phase ... skipped, nothing to simulate in SLP mode : 0.0 [s]
# SLP: Finished : 0.0 [s]
# ELAB2: Elaboration final pass complete - time: 0.0 [s].
# KERNEL: Warning: You are using the Active-HDL Student Edition. The performance of simulation is running at a reduced rate.
# KERNEL: Warning: Contact Aldec for available upgrade options - sales@aldec.com.
# KERNEL: Kernel process initialization done.
# Allocation: Simulator allocated 6594 kB (elbread=427 elab2=6026 kernel=141 sdf=0)
# KERNEL: ASDB file was created in location C:\My_Designs\MIPS_final\entidades\src\wave.asdb
# Stimuli: Warning: The stimuli set "StimuliSet23" has been made inactive.
#  02:48 p. m., sábado, 28 de mayo de 2022
#  Simulation has been initialized
# Waveform file 'untitled.awc' connected to 'C:/My_Designs/MIPS_final/entidades/src/wave.asdb'.
run 1000 ns
# KERNEL: WARNING: CONV_INTEGER: There is an 'U'|'X'|'W'|'Z'|'-' in an arithmetic operand, and it has been converted to 0.
# KERNEL: Time: 0 ps,  Iteration: 0,  Instance: /MIPS/instruction_memory,  Process: line__96.
# KERNEL: WARNING: CONV_INTEGER: There is an 'U'|'X'|'W'|'Z'|'-' in an arithmetic operand, and it has been converted to 0.
# KERNEL: Time: 0 ps,  Iteration: 0,  Instance: /MIPS/instruction_memory,  Process: line__96.
# KERNEL: WARNING: There is an 'U'|'X'|'W'|'Z'|'-' in an arithmetic operand, the result will be 'X'(es).
# KERNEL: Time: 0 ps,  Iteration: 0,  Instance: /MIPS/nube_pc,  Process: line__27.
# KERNEL: WARNING: There is an 'U'|'X'|'W'|'Z'|'-' in an arithmetic operand, the result will be 'X'(es).
# KERNEL: Time: 0 ps,  Iteration: 0,  Instance: /MIPS/nube_pc,  Process: line__27.
# KERNEL: WARNING: CONV_INTEGER: There is an 'U'|'X'|'W'|'Z'|'-' in an arithmetic operand, and it has been converted to 0.
# KERNEL: Time: 0 ps,  Iteration: 1,  Instance: /MIPS/instruction_memory,  Process: line__96.
# KERNEL: WARNING: CONV_INTEGER: There is an 'U'|'X'|'W'|'Z'|'-' in an arithmetic operand, and it has been converted to 0.
# KERNEL: Time: 0 ps,  Iteration: 1,  Instance: /MIPS/instruction_memory,  Process: line__96.
# KERNEL: WARNING: There is an 'U'|'X'|'W'|'Z'|'-' in an arithmetic operand, the result will be 'X'(es).
# KERNEL: Time: 0 ps,  Iteration: 1,  Instance: /MIPS/nube_pc,  Process: line__27.
# KERNEL: WARNING: CONV_INTEGER: There is an 'U'|'X'|'W'|'Z'|'-' in an arithmetic operand, and it has been converted to 0.
# KERNEL: Time: 0 ps,  Iteration: 2,  Instance: /MIPS/instruction_memory,  Process: line__96.
# KERNEL: WARNING: CONV_INTEGER: There is an 'U'|'X'|'W'|'Z'|'-' in an arithmetic operand, and it has been converted to 0.
# KERNEL: Time: 0 ps,  Iteration: 2,  Instance: /MIPS/instruction_memory,  Process: line__96.
# KERNEL: WARNING: There is an 'U'|'X'|'W'|'Z'|'-' in an arithmetic operand, the result will be 'X'(es).
# KERNEL: Time: 0 ps,  Iteration: 2,  Instance: /MIPS/nube_pc,  Process: line__27.
# KERNEL: WARNING: There is an 'U'|'X'|'W'|'Z'|'-' in an arithmetic operand, the result will be 'X'(es).
# KERNEL: Time: 0 ps,  Iteration: 3,  Instance: /MIPS/nube_pc,  Process: line__27.
# KERNEL: WARNING: There is an 'U'|'X'|'W'|'Z'|'-' in an arithmetic operand, the result will be 'X'(es).
# KERNEL: Time: 5 ns,  Iteration: 2,  Instance: /MIPS/nube_pc,  Process: line__27.
# KERNEL: stopped at time: 1 us
run 1000 ns
# KERNEL: stopped at time: 2 us
run 1000 ns
# KERNEL: stopped at time: 3 us
run 1000 ns
# KERNEL: stopped at time: 4 us
run 1000 ns
# KERNEL: stopped at time: 5 us
run 1000 ns
# KERNEL: stopped at time: 6 us
run 1000 ns
# KERNEL: stopped at time: 7 us
run 1000 ns
# KERNEL: stopped at time: 8 us
run 1000 ns
# KERNEL: stopped at time: 9 us
run @100ns
# VSIM: Error: 100ns is less than current simulation time.
# Warning: WAVEFORM: Object matching /MIPS/RegDst not found in C:/My_Designs/MIPS_final/entidades/src/pruebas.asdb.
# Warning: WAVEFORM: Object matching /MIPS/ReadData2 not found in C:/My_Designs/MIPS_final/entidades/src/pruebas.asdb.
endsim
# VSIM: Simulation has finished.
asim -O5 +access +r +m+MIPS MIPS structural
# ELBREAD: Elaboration process.
# ELBREAD: Elaboration time 0.0 [s].
# VSIM: Stack memory: 32MB
# VSIM: Retval memory: 32MB
# 
# KERNEL: Main thread initiated.
# KERNEL: Kernel process initialization phase.
# ELAB2: Elaboration final pass...
# ELAB2: Create instances ...
# KERNEL: Time resolution set to 1ps.
# ELAB2: Create instances complete.
# SLP: Started
# SLP: Elaboration phase ...
# SLP: Elaboration phase ... skipped, nothing to simulate in SLP mode : 0.0 [s]
# SLP: Finished : 0.0 [s]
# ELAB2: Elaboration final pass complete - time: 0.0 [s].
# KERNEL: Warning: You are using the Active-HDL Student Edition. The performance of simulation is running at a reduced rate.
# KERNEL: Warning: Contact Aldec for available upgrade options - sales@aldec.com.
# KERNEL: Kernel process initialization done.
# Allocation: Simulator allocated 6594 kB (elbread=427 elab2=6026 kernel=141 sdf=0)
# KERNEL: ASDB file was created in location C:\My_Designs\MIPS_final\entidades\src\wave.asdb
# Stimuli: Warning: The stimuli set "StimuliSet24" has been made inactive.
#  02:49 p. m., sábado, 28 de mayo de 2022
#  Simulation has been initialized
# Waveform file 'untitled.awc' connected to 'C:/My_Designs/MIPS_final/entidades/src/wave.asdb'.
run
# KERNEL: WARNING: CONV_INTEGER: There is an 'U'|'X'|'W'|'Z'|'-' in an arithmetic operand, and it has been converted to 0.
# KERNEL: Time: 0 ps,  Iteration: 0,  Instance: /MIPS/instruction_memory,  Process: line__96.
# KERNEL: WARNING: CONV_INTEGER: There is an 'U'|'X'|'W'|'Z'|'-' in an arithmetic operand, and it has been converted to 0.
# KERNEL: Time: 0 ps,  Iteration: 0,  Instance: /MIPS/instruction_memory,  Process: line__96.
# KERNEL: WARNING: There is an 'U'|'X'|'W'|'Z'|'-' in an arithmetic operand, the result will be 'X'(es).
# KERNEL: Time: 0 ps,  Iteration: 0,  Instance: /MIPS/nube_pc,  Process: line__27.
# KERNEL: WARNING: There is an 'U'|'X'|'W'|'Z'|'-' in an arithmetic operand, the result will be 'X'(es).
# KERNEL: Time: 0 ps,  Iteration: 0,  Instance: /MIPS/nube_pc,  Process: line__27.
# KERNEL: WARNING: CONV_INTEGER: There is an 'U'|'X'|'W'|'Z'|'-' in an arithmetic operand, and it has been converted to 0.
# KERNEL: Time: 0 ps,  Iteration: 1,  Instance: /MIPS/instruction_memory,  Process: line__96.
# KERNEL: WARNING: CONV_INTEGER: There is an 'U'|'X'|'W'|'Z'|'-' in an arithmetic operand, and it has been converted to 0.
# KERNEL: Time: 0 ps,  Iteration: 1,  Instance: /MIPS/instruction_memory,  Process: line__96.
# KERNEL: WARNING: There is an 'U'|'X'|'W'|'Z'|'-' in an arithmetic operand, the result will be 'X'(es).
# KERNEL: Time: 0 ps,  Iteration: 1,  Instance: /MIPS/nube_pc,  Process: line__27.
# KERNEL: WARNING: CONV_INTEGER: There is an 'U'|'X'|'W'|'Z'|'-' in an arithmetic operand, and it has been converted to 0.
# KERNEL: Time: 0 ps,  Iteration: 2,  Instance: /MIPS/instruction_memory,  Process: line__96.
# KERNEL: WARNING: CONV_INTEGER: There is an 'U'|'X'|'W'|'Z'|'-' in an arithmetic operand, and it has been converted to 0.
# KERNEL: Time: 0 ps,  Iteration: 2,  Instance: /MIPS/instruction_memory,  Process: line__96.
# KERNEL: WARNING: There is an 'U'|'X'|'W'|'Z'|'-' in an arithmetic operand, the result will be 'X'(es).
# KERNEL: Time: 0 ps,  Iteration: 2,  Instance: /MIPS/nube_pc,  Process: line__27.
# KERNEL: WARNING: There is an 'U'|'X'|'W'|'Z'|'-' in an arithmetic operand, the result will be 'X'(es).
# KERNEL: Time: 0 ps,  Iteration: 3,  Instance: /MIPS/nube_pc,  Process: line__27.
# KERNEL: WARNING: There is an 'U'|'X'|'W'|'Z'|'-' in an arithmetic operand, the result will be 'X'(es).
# KERNEL: Time: 5 ns,  Iteration: 2,  Instance: /MIPS/nube_pc,  Process: line__27.
endsim
# KERNEL: stopped at time: 1217605 ns
# VSIM: Simulation has finished.
