Active-HDL 13.0.376.8320 2022-05-16 13:14:39

Elaboration top modules:
Architecture                  Behavioral(PC)


---------------------------------------------------------------------------------------------
Entity   | Architecture | Library   | Info | Compiler Version          | Compilation Options
---------------------------------------------------------------------------------------------
PC       | Behavioral   | entidades |      | 13.0.376.8320 (Windows64) | -O3
---------------------------------------------------------------------------------------------

---------------------------------------------------------------------------------------------
VHDL Package            | Library   | Info | Compiler Version          | Compilation Options
---------------------------------------------------------------------------------------------
standard                | std       |      |                           | <unavailable>
TEXTIO                  | std       |      | 13.0.376.8320 (Windows64) |  -2019
std_logic_1164          | ieee      |      | 13.0.376.8320 (Windows64) |  -2008
std_logic_arith         | ieee      |      | 13.0.376.8320 (Windows64) | <unavailable>
STD_LOGIC_UNSIGNED      | ieee      |      | 13.0.376.8320 (Windows64) | <unavailable>
---------------------------------------------------------------------------------------------

---------------------------------------------------------------------------------------------
Library                 | Comment
---------------------------------------------------------------------------------------------
entidades               | None
ieee                    | Standard IEEE packages library
std                     | Standard VHDL library
---------------------------------------------------------------------------------------------
